Grammar

    0 $accept: Program $end

    1 Program: Function_list

    2 Function_list: Function
    3              | Function_list Function

    4 Function: Type_specifier tMAIN tLPAR Parameter_list tRPAR Scope

    5 Scope: tLBRACE Corps tRBRACE

    6 Corps: Declarations Statement_list

    7 Type_specifier: tINT
    8               | tVOID

    9 Parameter_list: /* empty */
   10               | Parameter_declaration
   11               | Parameter_list tCOMMA Parameter_declaration

   12 Parameter_declaration: tINT tID
   13                      | tVOID

   14 Statement_list: Statement
   15               | Statement_list Statement

   16 Statement: Assignement_statement
   17          | Selection_statement
   18          | Iteration_statement
   19          | Return_statement
   20          | Print_statement

   21 Expression: Expression tADD Terme
   22           | Expression tSUB Terme
   23           | Terme

   24 Terme: Terme tMUL Facteur
   25      | Terme tDIV Facteur
   26      | Facteur

   27 Facteur: tNB
   28        | tID
   29        | tLPAR Expression tRPAR

   30 Conditions: Conditions Separator Condition
   31           | Condition
   32           | tNOT Condition

   33 Condition: tLPAR Expression Cop Expression tRPAR
   34          | Expression Cop Expression
   35          | Expression

   36 Separator: tAND
   37          | tOR

   38 Cop: tGT
   39    | tLT
   40    | tGE
   41    | tEQ
   42    | tNE
   43    | tLE

   44 Declarations: /* empty */
   45             | Declaration_list

   46 Declaration_list: Declaration_statement
   47                 | Declaration_list Declaration_statement

   48 Declaration_statement: tINT Declaration_int tSEMI
   49                      | tCONST tINT Declaration_const tSEMI

   50 Declaration_const: tID tASSIGN tNB
   51                  | tID tASSIGN tNB tCOMMA Declaration_const

   52 Declaration_int: tID
   53                | tID tASSIGN Expression
   54                | tID tASSIGN Expression tCOMMA Declaration_int
   55                | tID tCOMMA Declaration_int

   56 @1: /* empty */

   57 @2: /* empty */

   58 Selection_statement: tIF tLPAR Conditions tRPAR tLBRACE @1 Corps tRBRACE @2 Else_statement

   59 Else_statement: /* empty */
   60               | tELSE tLBRACE Statement_list tRBRACE

   61 Iteration_statement: tWHILE tLPAR Conditions tRPAR tLBRACE Statement_list tRBRACE

   62 Return_statement: tRETURN Expression tSEMI
   63                 | tRETURN tSEMI

   64 Print_statement: tPRINT tLPAR Expression tRPAR tSEMI

   65 Assignement_statement: tID tASSIGN Expression tSEMI


Terminals, with rules where they appear

$end (0) 0
error (256)
tINT (258) 7 12 48 49
tVOID (259) 8 13
tCONST (260) 49
tIF (261) 58
tELSE (262) 60
tWHILE (263) 61
tMAIN (264) 4
tRETURN (265) 62 63
tPRINT (266) 64
tADD (267) 21
tSUB (268) 22
tMUL (269) 24
tDIV (270) 25
tLT (271) 39
tGT (272) 38
tNE (273) 42
tEQ (274) 41
tGE (275) 40
tLE (276) 43
tASSIGN (277) 50 51 53 54 65
tAND (278) 36
tOR (279) 37
tNOT (280) 32
tLBRACE (281) 5 58 60 61
tRBRACE (282) 5 58 60 61
tLPAR (283) 4 29 33 58 61 64
tRPAR (284) 4 29 33 58 61 64
tSEMI (285) 48 49 62 63 64 65
tCOMMA (286) 11 51 54 55
tNB (287) 27 50 51
tID (288) 12 28 50 51 52 53 54 55 65


Nonterminals, with rules where they appear

$accept (34)
    on left: 0
Program (35)
    on left: 1, on right: 0
Function_list (36)
    on left: 2 3, on right: 1 3
Function (37)
    on left: 4, on right: 2 3
Scope (38)
    on left: 5, on right: 4
Corps (39)
    on left: 6, on right: 5 58
Type_specifier (40)
    on left: 7 8, on right: 4
Parameter_list (41)
    on left: 9 10 11, on right: 4 11
Parameter_declaration (42)
    on left: 12 13, on right: 10 11
Statement_list (43)
    on left: 14 15, on right: 6 15 60 61
Statement (44)
    on left: 16 17 18 19 20, on right: 14 15
Expression (45)
    on left: 21 22 23, on right: 21 22 29 33 34 35 53 54 62 64 65
Terme (46)
    on left: 24 25 26, on right: 21 22 23 24 25
Facteur (47)
    on left: 27 28 29, on right: 24 25 26
Conditions (48)
    on left: 30 31 32, on right: 30 58 61
Condition (49)
    on left: 33 34 35, on right: 30 31 32
Separator (50)
    on left: 36 37, on right: 30
Cop (51)
    on left: 38 39 40 41 42 43, on right: 33 34
Declarations (52)
    on left: 44 45, on right: 6
Declaration_list (53)
    on left: 46 47, on right: 45 47
Declaration_statement (54)
    on left: 48 49, on right: 46 47
Declaration_const (55)
    on left: 50 51, on right: 49 51
Declaration_int (56)
    on left: 52 53 54 55, on right: 48 54 55
Selection_statement (57)
    on left: 58, on right: 17
@1 (58)
    on left: 56, on right: 58
@2 (59)
    on left: 57, on right: 58
Else_statement (60)
    on left: 59 60, on right: 58
Iteration_statement (61)
    on left: 61, on right: 18
Return_statement (62)
    on left: 62 63, on right: 19
Print_statement (63)
    on left: 64, on right: 20
Assignement_statement (64)
    on left: 65, on right: 16


state 0

    0 $accept: . Program $end

    tINT   shift, and go to state 1
    tVOID  shift, and go to state 2

    Program         go to state 3
    Function_list   go to state 4
    Function        go to state 5
    Type_specifier  go to state 6


state 1

    7 Type_specifier: tINT .

    $default  reduce using rule 7 (Type_specifier)


state 2

    8 Type_specifier: tVOID .

    $default  reduce using rule 8 (Type_specifier)


state 3

    0 $accept: Program . $end

    $end  shift, and go to state 7


state 4

    1 Program: Function_list .
    3 Function_list: Function_list . Function

    tINT   shift, and go to state 1
    tVOID  shift, and go to state 2

    $default  reduce using rule 1 (Program)

    Function        go to state 8
    Type_specifier  go to state 6


state 5

    2 Function_list: Function .

    $default  reduce using rule 2 (Function_list)


state 6

    4 Function: Type_specifier . tMAIN tLPAR Parameter_list tRPAR Scope

    tMAIN  shift, and go to state 9


state 7

    0 $accept: Program $end .

    $default  accept


state 8

    3 Function_list: Function_list Function .

    $default  reduce using rule 3 (Function_list)


state 9

    4 Function: Type_specifier tMAIN . tLPAR Parameter_list tRPAR Scope

    tLPAR  shift, and go to state 10


state 10

    4 Function: Type_specifier tMAIN tLPAR . Parameter_list tRPAR Scope

    tINT   shift, and go to state 11
    tVOID  shift, and go to state 12

    $default  reduce using rule 9 (Parameter_list)

    Parameter_list         go to state 13
    Parameter_declaration  go to state 14


state 11

   12 Parameter_declaration: tINT . tID

    tID  shift, and go to state 15


state 12

   13 Parameter_declaration: tVOID .

    $default  reduce using rule 13 (Parameter_declaration)


state 13

    4 Function: Type_specifier tMAIN tLPAR Parameter_list . tRPAR Scope
   11 Parameter_list: Parameter_list . tCOMMA Parameter_declaration

    tRPAR   shift, and go to state 16
    tCOMMA  shift, and go to state 17


state 14

   10 Parameter_list: Parameter_declaration .

    $default  reduce using rule 10 (Parameter_list)


state 15

   12 Parameter_declaration: tINT tID .

    $default  reduce using rule 12 (Parameter_declaration)


state 16

    4 Function: Type_specifier tMAIN tLPAR Parameter_list tRPAR . Scope

    tLBRACE  shift, and go to state 18

    Scope  go to state 19


state 17

   11 Parameter_list: Parameter_list tCOMMA . Parameter_declaration

    tINT   shift, and go to state 11
    tVOID  shift, and go to state 12

    Parameter_declaration  go to state 20


state 18

    5 Scope: tLBRACE . Corps tRBRACE

    tINT    shift, and go to state 21
    tCONST  shift, and go to state 22

    $default  reduce using rule 44 (Declarations)

    Corps                  go to state 23
    Declarations           go to state 24
    Declaration_list       go to state 25
    Declaration_statement  go to state 26


state 19

    4 Function: Type_specifier tMAIN tLPAR Parameter_list tRPAR Scope .

    $default  reduce using rule 4 (Function)


state 20

   11 Parameter_list: Parameter_list tCOMMA Parameter_declaration .

    $default  reduce using rule 11 (Parameter_list)


state 21

   48 Declaration_statement: tINT . Declaration_int tSEMI

    tID  shift, and go to state 27

    Declaration_int  go to state 28


state 22

   49 Declaration_statement: tCONST . tINT Declaration_const tSEMI

    tINT  shift, and go to state 29


state 23

    5 Scope: tLBRACE Corps . tRBRACE

    tRBRACE  shift, and go to state 30


state 24

    6 Corps: Declarations . Statement_list

    tIF      shift, and go to state 31
    tWHILE   shift, and go to state 32
    tRETURN  shift, and go to state 33
    tPRINT   shift, and go to state 34
    tID      shift, and go to state 35

    Statement_list         go to state 36
    Statement              go to state 37
    Selection_statement    go to state 38
    Iteration_statement    go to state 39
    Return_statement       go to state 40
    Print_statement        go to state 41
    Assignement_statement  go to state 42


state 25

   45 Declarations: Declaration_list .
   47 Declaration_list: Declaration_list . Declaration_statement

    tINT    shift, and go to state 21
    tCONST  shift, and go to state 22

    $default  reduce using rule 45 (Declarations)

    Declaration_statement  go to state 43


state 26

   46 Declaration_list: Declaration_statement .

    $default  reduce using rule 46 (Declaration_list)


state 27

   52 Declaration_int: tID .
   53                | tID . tASSIGN Expression
   54                | tID . tASSIGN Expression tCOMMA Declaration_int
   55                | tID . tCOMMA Declaration_int

    tASSIGN  shift, and go to state 44
    tCOMMA   shift, and go to state 45

    $default  reduce using rule 52 (Declaration_int)


state 28

   48 Declaration_statement: tINT Declaration_int . tSEMI

    tSEMI  shift, and go to state 46


state 29

   49 Declaration_statement: tCONST tINT . Declaration_const tSEMI

    tID  shift, and go to state 47

    Declaration_const  go to state 48


state 30

    5 Scope: tLBRACE Corps tRBRACE .

    $default  reduce using rule 5 (Scope)


state 31

   58 Selection_statement: tIF . tLPAR Conditions tRPAR tLBRACE @1 Corps tRBRACE @2 Else_statement

    tLPAR  shift, and go to state 49


state 32

   61 Iteration_statement: tWHILE . tLPAR Conditions tRPAR tLBRACE Statement_list tRBRACE

    tLPAR  shift, and go to state 50


state 33

   62 Return_statement: tRETURN . Expression tSEMI
   63                 | tRETURN . tSEMI

    tLPAR  shift, and go to state 51
    tSEMI  shift, and go to state 52
    tNB    shift, and go to state 53
    tID    shift, and go to state 54

    Expression  go to state 55
    Terme       go to state 56
    Facteur     go to state 57


state 34

   64 Print_statement: tPRINT . tLPAR Expression tRPAR tSEMI

    tLPAR  shift, and go to state 58


state 35

   65 Assignement_statement: tID . tASSIGN Expression tSEMI

    tASSIGN  shift, and go to state 59


state 36

    6 Corps: Declarations Statement_list .
   15 Statement_list: Statement_list . Statement

    tIF      shift, and go to state 31
    tWHILE   shift, and go to state 32
    tRETURN  shift, and go to state 33
    tPRINT   shift, and go to state 34
    tID      shift, and go to state 35

    $default  reduce using rule 6 (Corps)

    Statement              go to state 60
    Selection_statement    go to state 38
    Iteration_statement    go to state 39
    Return_statement       go to state 40
    Print_statement        go to state 41
    Assignement_statement  go to state 42


state 37

   14 Statement_list: Statement .

    $default  reduce using rule 14 (Statement_list)


state 38

   17 Statement: Selection_statement .

    $default  reduce using rule 17 (Statement)


state 39

   18 Statement: Iteration_statement .

    $default  reduce using rule 18 (Statement)


state 40

   19 Statement: Return_statement .

    $default  reduce using rule 19 (Statement)


state 41

   20 Statement: Print_statement .

    $default  reduce using rule 20 (Statement)


state 42

   16 Statement: Assignement_statement .

    $default  reduce using rule 16 (Statement)


state 43

   47 Declaration_list: Declaration_list Declaration_statement .

    $default  reduce using rule 47 (Declaration_list)


state 44

   53 Declaration_int: tID tASSIGN . Expression
   54                | tID tASSIGN . Expression tCOMMA Declaration_int

    tLPAR  shift, and go to state 51
    tNB    shift, and go to state 53
    tID    shift, and go to state 54

    Expression  go to state 61
    Terme       go to state 56
    Facteur     go to state 57


state 45

   55 Declaration_int: tID tCOMMA . Declaration_int

    tID  shift, and go to state 27

    Declaration_int  go to state 62


state 46

   48 Declaration_statement: tINT Declaration_int tSEMI .

    $default  reduce using rule 48 (Declaration_statement)


state 47

   50 Declaration_const: tID . tASSIGN tNB
   51                  | tID . tASSIGN tNB tCOMMA Declaration_const

    tASSIGN  shift, and go to state 63


state 48

   49 Declaration_statement: tCONST tINT Declaration_const . tSEMI

    tSEMI  shift, and go to state 64


state 49

   58 Selection_statement: tIF tLPAR . Conditions tRPAR tLBRACE @1 Corps tRBRACE @2 Else_statement

    tNOT   shift, and go to state 65
    tLPAR  shift, and go to state 66
    tNB    shift, and go to state 53
    tID    shift, and go to state 54

    Expression  go to state 67
    Terme       go to state 56
    Facteur     go to state 57
    Conditions  go to state 68
    Condition   go to state 69


state 50

   61 Iteration_statement: tWHILE tLPAR . Conditions tRPAR tLBRACE Statement_list tRBRACE

    tNOT   shift, and go to state 65
    tLPAR  shift, and go to state 66
    tNB    shift, and go to state 53
    tID    shift, and go to state 54

    Expression  go to state 67
    Terme       go to state 56
    Facteur     go to state 57
    Conditions  go to state 70
    Condition   go to state 69


state 51

   29 Facteur: tLPAR . Expression tRPAR

    tLPAR  shift, and go to state 51
    tNB    shift, and go to state 53
    tID    shift, and go to state 54

    Expression  go to state 71
    Terme       go to state 56
    Facteur     go to state 57


state 52

   63 Return_statement: tRETURN tSEMI .

    $default  reduce using rule 63 (Return_statement)


state 53

   27 Facteur: tNB .

    $default  reduce using rule 27 (Facteur)


state 54

   28 Facteur: tID .

    $default  reduce using rule 28 (Facteur)


state 55

   21 Expression: Expression . tADD Terme
   22           | Expression . tSUB Terme
   62 Return_statement: tRETURN Expression . tSEMI

    tADD   shift, and go to state 72
    tSUB   shift, and go to state 73
    tSEMI  shift, and go to state 74


state 56

   23 Expression: Terme .
   24 Terme: Terme . tMUL Facteur
   25      | Terme . tDIV Facteur

    tMUL  shift, and go to state 75
    tDIV  shift, and go to state 76

    $default  reduce using rule 23 (Expression)


state 57

   26 Terme: Facteur .

    $default  reduce using rule 26 (Terme)


state 58

   64 Print_statement: tPRINT tLPAR . Expression tRPAR tSEMI

    tLPAR  shift, and go to state 51
    tNB    shift, and go to state 53
    tID    shift, and go to state 54

    Expression  go to state 77
    Terme       go to state 56
    Facteur     go to state 57


state 59

   65 Assignement_statement: tID tASSIGN . Expression tSEMI

    tLPAR  shift, and go to state 51
    tNB    shift, and go to state 53
    tID    shift, and go to state 54

    Expression  go to state 78
    Terme       go to state 56
    Facteur     go to state 57


state 60

   15 Statement_list: Statement_list Statement .

    $default  reduce using rule 15 (Statement_list)


state 61

   21 Expression: Expression . tADD Terme
   22           | Expression . tSUB Terme
   53 Declaration_int: tID tASSIGN Expression .
   54                | tID tASSIGN Expression . tCOMMA Declaration_int

    tADD    shift, and go to state 72
    tSUB    shift, and go to state 73
    tCOMMA  shift, and go to state 79

    $default  reduce using rule 53 (Declaration_int)


state 62

   55 Declaration_int: tID tCOMMA Declaration_int .

    $default  reduce using rule 55 (Declaration_int)


state 63

   50 Declaration_const: tID tASSIGN . tNB
   51                  | tID tASSIGN . tNB tCOMMA Declaration_const

    tNB  shift, and go to state 80


state 64

   49 Declaration_statement: tCONST tINT Declaration_const tSEMI .

    $default  reduce using rule 49 (Declaration_statement)


state 65

   32 Conditions: tNOT . Condition

    tLPAR  shift, and go to state 66
    tNB    shift, and go to state 53
    tID    shift, and go to state 54

    Expression  go to state 67
    Terme       go to state 56
    Facteur     go to state 57
    Condition   go to state 81


state 66

   29 Facteur: tLPAR . Expression tRPAR
   33 Condition: tLPAR . Expression Cop Expression tRPAR

    tLPAR  shift, and go to state 51
    tNB    shift, and go to state 53
    tID    shift, and go to state 54

    Expression  go to state 82
    Terme       go to state 56
    Facteur     go to state 57


state 67

   21 Expression: Expression . tADD Terme
   22           | Expression . tSUB Terme
   34 Condition: Expression . Cop Expression
   35          | Expression .

    tADD  shift, and go to state 72
    tSUB  shift, and go to state 73
    tLT   shift, and go to state 83
    tGT   shift, and go to state 84
    tNE   shift, and go to state 85
    tEQ   shift, and go to state 86
    tGE   shift, and go to state 87
    tLE   shift, and go to state 88

    $default  reduce using rule 35 (Condition)

    Cop  go to state 89


state 68

   30 Conditions: Conditions . Separator Condition
   58 Selection_statement: tIF tLPAR Conditions . tRPAR tLBRACE @1 Corps tRBRACE @2 Else_statement

    tAND   shift, and go to state 90
    tOR    shift, and go to state 91
    tRPAR  shift, and go to state 92

    Separator  go to state 93


state 69

   31 Conditions: Condition .

    $default  reduce using rule 31 (Conditions)


state 70

   30 Conditions: Conditions . Separator Condition
   61 Iteration_statement: tWHILE tLPAR Conditions . tRPAR tLBRACE Statement_list tRBRACE

    tAND   shift, and go to state 90
    tOR    shift, and go to state 91
    tRPAR  shift, and go to state 94

    Separator  go to state 93


state 71

   21 Expression: Expression . tADD Terme
   22           | Expression . tSUB Terme
   29 Facteur: tLPAR Expression . tRPAR

    tADD   shift, and go to state 72
    tSUB   shift, and go to state 73
    tRPAR  shift, and go to state 95


state 72

   21 Expression: Expression tADD . Terme

    tLPAR  shift, and go to state 51
    tNB    shift, and go to state 53
    tID    shift, and go to state 54

    Terme    go to state 96
    Facteur  go to state 57


state 73

   22 Expression: Expression tSUB . Terme

    tLPAR  shift, and go to state 51
    tNB    shift, and go to state 53
    tID    shift, and go to state 54

    Terme    go to state 97
    Facteur  go to state 57


state 74

   62 Return_statement: tRETURN Expression tSEMI .

    $default  reduce using rule 62 (Return_statement)


state 75

   24 Terme: Terme tMUL . Facteur

    tLPAR  shift, and go to state 51
    tNB    shift, and go to state 53
    tID    shift, and go to state 54

    Facteur  go to state 98


state 76

   25 Terme: Terme tDIV . Facteur

    tLPAR  shift, and go to state 51
    tNB    shift, and go to state 53
    tID    shift, and go to state 54

    Facteur  go to state 99


state 77

   21 Expression: Expression . tADD Terme
   22           | Expression . tSUB Terme
   64 Print_statement: tPRINT tLPAR Expression . tRPAR tSEMI

    tADD   shift, and go to state 72
    tSUB   shift, and go to state 73
    tRPAR  shift, and go to state 100


state 78

   21 Expression: Expression . tADD Terme
   22           | Expression . tSUB Terme
   65 Assignement_statement: tID tASSIGN Expression . tSEMI

    tADD   shift, and go to state 72
    tSUB   shift, and go to state 73
    tSEMI  shift, and go to state 101


state 79

   54 Declaration_int: tID tASSIGN Expression tCOMMA . Declaration_int

    tID  shift, and go to state 27

    Declaration_int  go to state 102


state 80

   50 Declaration_const: tID tASSIGN tNB .
   51                  | tID tASSIGN tNB . tCOMMA Declaration_const

    tCOMMA  shift, and go to state 103

    $default  reduce using rule 50 (Declaration_const)


state 81

   32 Conditions: tNOT Condition .

    $default  reduce using rule 32 (Conditions)


state 82

   21 Expression: Expression . tADD Terme
   22           | Expression . tSUB Terme
   29 Facteur: tLPAR Expression . tRPAR
   33 Condition: tLPAR Expression . Cop Expression tRPAR

    tADD   shift, and go to state 72
    tSUB   shift, and go to state 73
    tLT    shift, and go to state 83
    tGT    shift, and go to state 84
    tNE    shift, and go to state 85
    tEQ    shift, and go to state 86
    tGE    shift, and go to state 87
    tLE    shift, and go to state 88
    tRPAR  shift, and go to state 95

    Cop  go to state 104


state 83

   39 Cop: tLT .

    $default  reduce using rule 39 (Cop)


state 84

   38 Cop: tGT .

    $default  reduce using rule 38 (Cop)


state 85

   42 Cop: tNE .

    $default  reduce using rule 42 (Cop)


state 86

   41 Cop: tEQ .

    $default  reduce using rule 41 (Cop)


state 87

   40 Cop: tGE .

    $default  reduce using rule 40 (Cop)


state 88

   43 Cop: tLE .

    $default  reduce using rule 43 (Cop)


state 89

   34 Condition: Expression Cop . Expression

    tLPAR  shift, and go to state 51
    tNB    shift, and go to state 53
    tID    shift, and go to state 54

    Expression  go to state 105
    Terme       go to state 56
    Facteur     go to state 57


state 90

   36 Separator: tAND .

    $default  reduce using rule 36 (Separator)


state 91

   37 Separator: tOR .

    $default  reduce using rule 37 (Separator)


state 92

   58 Selection_statement: tIF tLPAR Conditions tRPAR . tLBRACE @1 Corps tRBRACE @2 Else_statement

    tLBRACE  shift, and go to state 106


state 93

   30 Conditions: Conditions Separator . Condition

    tLPAR  shift, and go to state 66
    tNB    shift, and go to state 53
    tID    shift, and go to state 54

    Expression  go to state 67
    Terme       go to state 56
    Facteur     go to state 57
    Condition   go to state 107


state 94

   61 Iteration_statement: tWHILE tLPAR Conditions tRPAR . tLBRACE Statement_list tRBRACE

    tLBRACE  shift, and go to state 108


state 95

   29 Facteur: tLPAR Expression tRPAR .

    $default  reduce using rule 29 (Facteur)


state 96

   21 Expression: Expression tADD Terme .
   24 Terme: Terme . tMUL Facteur
   25      | Terme . tDIV Facteur

    tMUL  shift, and go to state 75
    tDIV  shift, and go to state 76

    $default  reduce using rule 21 (Expression)


state 97

   22 Expression: Expression tSUB Terme .
   24 Terme: Terme . tMUL Facteur
   25      | Terme . tDIV Facteur

    tMUL  shift, and go to state 75
    tDIV  shift, and go to state 76

    $default  reduce using rule 22 (Expression)


state 98

   24 Terme: Terme tMUL Facteur .

    $default  reduce using rule 24 (Terme)


state 99

   25 Terme: Terme tDIV Facteur .

    $default  reduce using rule 25 (Terme)


state 100

   64 Print_statement: tPRINT tLPAR Expression tRPAR . tSEMI

    tSEMI  shift, and go to state 109


state 101

   65 Assignement_statement: tID tASSIGN Expression tSEMI .

    $default  reduce using rule 65 (Assignement_statement)


state 102

   54 Declaration_int: tID tASSIGN Expression tCOMMA Declaration_int .

    $default  reduce using rule 54 (Declaration_int)


state 103

   51 Declaration_const: tID tASSIGN tNB tCOMMA . Declaration_const

    tID  shift, and go to state 47

    Declaration_const  go to state 110


state 104

   33 Condition: tLPAR Expression Cop . Expression tRPAR

    tLPAR  shift, and go to state 51
    tNB    shift, and go to state 53
    tID    shift, and go to state 54

    Expression  go to state 111
    Terme       go to state 56
    Facteur     go to state 57


state 105

   21 Expression: Expression . tADD Terme
   22           | Expression . tSUB Terme
   34 Condition: Expression Cop Expression .

    tADD  shift, and go to state 72
    tSUB  shift, and go to state 73

    $default  reduce using rule 34 (Condition)


state 106

   58 Selection_statement: tIF tLPAR Conditions tRPAR tLBRACE . @1 Corps tRBRACE @2 Else_statement

    $default  reduce using rule 56 (@1)

    @1  go to state 112


state 107

   30 Conditions: Conditions Separator Condition .

    $default  reduce using rule 30 (Conditions)


state 108

   61 Iteration_statement: tWHILE tLPAR Conditions tRPAR tLBRACE . Statement_list tRBRACE

    tIF      shift, and go to state 31
    tWHILE   shift, and go to state 32
    tRETURN  shift, and go to state 33
    tPRINT   shift, and go to state 34
    tID      shift, and go to state 35

    Statement_list         go to state 113
    Statement              go to state 37
    Selection_statement    go to state 38
    Iteration_statement    go to state 39
    Return_statement       go to state 40
    Print_statement        go to state 41
    Assignement_statement  go to state 42


state 109

   64 Print_statement: tPRINT tLPAR Expression tRPAR tSEMI .

    $default  reduce using rule 64 (Print_statement)


state 110

   51 Declaration_const: tID tASSIGN tNB tCOMMA Declaration_const .

    $default  reduce using rule 51 (Declaration_const)


state 111

   21 Expression: Expression . tADD Terme
   22           | Expression . tSUB Terme
   33 Condition: tLPAR Expression Cop Expression . tRPAR

    tADD   shift, and go to state 72
    tSUB   shift, and go to state 73
    tRPAR  shift, and go to state 114


state 112

   58 Selection_statement: tIF tLPAR Conditions tRPAR tLBRACE @1 . Corps tRBRACE @2 Else_statement

    tINT    shift, and go to state 21
    tCONST  shift, and go to state 22

    $default  reduce using rule 44 (Declarations)

    Corps                  go to state 115
    Declarations           go to state 24
    Declaration_list       go to state 25
    Declaration_statement  go to state 26


state 113

   15 Statement_list: Statement_list . Statement
   61 Iteration_statement: tWHILE tLPAR Conditions tRPAR tLBRACE Statement_list . tRBRACE

    tIF      shift, and go to state 31
    tWHILE   shift, and go to state 32
    tRETURN  shift, and go to state 33
    tPRINT   shift, and go to state 34
    tRBRACE  shift, and go to state 116
    tID      shift, and go to state 35

    Statement              go to state 60
    Selection_statement    go to state 38
    Iteration_statement    go to state 39
    Return_statement       go to state 40
    Print_statement        go to state 41
    Assignement_statement  go to state 42


state 114

   33 Condition: tLPAR Expression Cop Expression tRPAR .

    $default  reduce using rule 33 (Condition)


state 115

   58 Selection_statement: tIF tLPAR Conditions tRPAR tLBRACE @1 Corps . tRBRACE @2 Else_statement

    tRBRACE  shift, and go to state 117


state 116

   61 Iteration_statement: tWHILE tLPAR Conditions tRPAR tLBRACE Statement_list tRBRACE .

    $default  reduce using rule 61 (Iteration_statement)


state 117

   58 Selection_statement: tIF tLPAR Conditions tRPAR tLBRACE @1 Corps tRBRACE . @2 Else_statement

    $default  reduce using rule 57 (@2)

    @2  go to state 118


state 118

   58 Selection_statement: tIF tLPAR Conditions tRPAR tLBRACE @1 Corps tRBRACE @2 . Else_statement

    tELSE  shift, and go to state 119

    $default  reduce using rule 59 (Else_statement)

    Else_statement  go to state 120


state 119

   60 Else_statement: tELSE . tLBRACE Statement_list tRBRACE

    tLBRACE  shift, and go to state 121


state 120

   58 Selection_statement: tIF tLPAR Conditions tRPAR tLBRACE @1 Corps tRBRACE @2 Else_statement .

    $default  reduce using rule 58 (Selection_statement)


state 121

   60 Else_statement: tELSE tLBRACE . Statement_list tRBRACE

    tIF      shift, and go to state 31
    tWHILE   shift, and go to state 32
    tRETURN  shift, and go to state 33
    tPRINT   shift, and go to state 34
    tID      shift, and go to state 35

    Statement_list         go to state 122
    Statement              go to state 37
    Selection_statement    go to state 38
    Iteration_statement    go to state 39
    Return_statement       go to state 40
    Print_statement        go to state 41
    Assignement_statement  go to state 42


state 122

   15 Statement_list: Statement_list . Statement
   60 Else_statement: tELSE tLBRACE Statement_list . tRBRACE

    tIF      shift, and go to state 31
    tWHILE   shift, and go to state 32
    tRETURN  shift, and go to state 33
    tPRINT   shift, and go to state 34
    tRBRACE  shift, and go to state 123
    tID      shift, and go to state 35

    Statement              go to state 60
    Selection_statement    go to state 38
    Iteration_statement    go to state 39
    Return_statement       go to state 40
    Print_statement        go to state 41
    Assignement_statement  go to state 42


state 123

   60 Else_statement: tELSE tLBRACE Statement_list tRBRACE .

    $default  reduce using rule 60 (Else_statement)
